<?xml version="1.0" encoding="UTF-8"?>
<!-- Generated by org.testng.reporters.JUnitReportReporter -->
<testsuite hostname="shashanks-MacBook-Pro.local" failures="0" tests="3" name="sedgetest.script.EthSedgeTest" time="0.824" errors="0" timestamp="2023-06-10T23:45:54 IST" skipped="0">
  <testcase classname="sedgetest.script.EthSedgeTest" name="eth_syncing_test" time="0.781"/>
  <system-out/>
  <testcase classname="sedgetest.script.EthSedgeTest" name="eth_blockNumber_test" time="0.032"/>
  <system-out/>
  <testcase classname="sedgetest.script.EthSedgeTest" name="eth_chainId_test" time="0.011"/>
  <system-out/>
</testsuite> <!-- sedgetest.script.EthSedgeTest -->
